============================= test session starts =============================
platform win32 -- Python 3.11.9, pytest-8.4.2, pluggy-1.6.0 -- D:\ML\cyberguard-id\.venv\Scripts\python.exe
cachedir: .pytest_cache
rootdir: D:\ML\cyberguard-id
configfile: pyproject.toml
testpaths: tests
plugins: anyio-4.14.2, mock-3.15.1
collecting ... collected 97 items

tests/test_classifier.py::TestClassifierService::test_model_not_loaded PASSED [  1%]
tests/test_classifier.py::TestClassifierService::test_model_not_found PASSED [  2%]
tests/test_classifier.py::TestClassifierService::test_empty_input PASSED [  3%]
tests/test_classifier.py::TestClassifierService::test_verification_model_verified PASSED [  4%]
tests/test_classifier.py::TestClassifierService::test_verification_recommended_review PASSED [  5%]
tests/test_classifier.py::TestClassifierService::test_verification_mandatory_review PASSED [  6%]
tests/test_classifier.py::TestClassifierService::test_verification_uncertain_low_confidence PASSED [  7%]
tests/test_classifier.py::TestClassifierService::test_verification_uncertain_low_margin PASSED [  8%]
tests/test_classifier.py::TestClassifierService::test_c7_abstention PASSED [  9%]
tests/test_classifier.py::TestClassifierService::test_prediction_output_schema PASSED [ 10%]
tests/test_config.py::test_load_config PASSED                            [ 11%]
tests/test_config.py::test_config_labels PASSED                          [ 12%]
tests/test_config.py::test_config_label_to_code PASSED                   [ 13%]
tests/test_config.py::test_config_thresholds PASSED                      [ 14%]
tests/test_config.py::test_config_base_scores PASSED                     [ 15%]
tests/test_config.py::test_config_salt_detection PASSED                  [ 16%]
tests/test_config.py::test_config_paths PASSED                           [ 17%]
tests/test_config.py::test_config_category_by_code PASSED                [ 18%]
tests/test_config.py::test_config_category_by_name PASSED                [ 19%]
tests/test_csv_service.py::TestAnonymizeAuthor::test_anonymize_produces_hash PASSED [ 20%]
tests/test_csv_service.py::TestAnonymizeAuthor::test_different_salt_different_hash PASSED [ 21%]
tests/test_csv_service.py::TestAnonymizeAuthor::test_same_input_same_hash PASSED [ 22%]
tests/test_csv_service.py::TestCSVService::test_valid_csv PASSED         [ 23%]
tests/test_csv_service.py::TestCSVService::test_missing_text_column PASSED [ 24%]
tests/test_csv_service.py::TestCSVService::test_text_aliases PASSED      [ 25%]
tests/test_csv_service.py::TestCSVService::test_empty_csv PASSED         [ 26%]
tests/test_csv_service.py::TestCSVService::test_row_limit PASSED         [ 27%]
tests/test_csv_service.py::TestCSVService::test_nan_cleanup PASSED       [ 28%]
tests/test_csv_service.py::TestCSVService::test_no_content_provided PASSED [ 29%]
tests/test_csv_service.py::TestCSVService::test_file_size_limit PASSED   [ 30%]
tests/test_preprocessing.py::TestPreprocessor::test_empty_input PASSED   [ 31%]
tests/test_preprocessing.py::TestPreprocessor::test_lowercase PASSED     [ 32%]
tests/test_preprocessing.py::TestPreprocessor::test_url_replacement PASSED [ 34%]
tests/test_preprocessing.py::TestPreprocessor::test_mention_replacement PASSED [ 35%]
tests/test_preprocessing.py::TestPreprocessor::test_repeated_chars PASSED [ 36%]
tests/test_preprocessing.py::TestPreprocessor::test_repeated_punctuation PASSED [ 37%]
tests/test_preprocessing.py::TestPreprocessor::test_whitespace_normalization PASSED [ 38%]
tests/test_preprocessing.py::TestPreprocessor::test_slang_normalization PASSED [ 39%]
tests/test_preprocessing.py::TestPreprocessor::test_preserves_negation PASSED [ 40%]
tests/test_preprocessing.py::TestPreprocessor::test_preserves_profanity PASSED [ 41%]
tests/test_preprocessing.py::TestPreprocessor::test_unicode_normalization PASSED [ 42%]
tests/test_preprocessing.py::TestPreprocessor::test_batch_preprocess PASSED [ 43%]
tests/test_repetition_detector.py::TestRepetitionDetector::test_too_few_comments PASSED [ 44%]
tests/test_repetition_detector.py::TestRepetitionDetector::test_no_harmful_comments PASSED [ 45%]
tests/test_repetition_detector.py::TestRepetitionDetector::test_similar_harmful_comments PASSED [ 46%]
tests/test_repetition_detector.py::TestRepetitionDetector::test_indication_level_early PASSED [ 47%]
tests/test_repetition_detector.py::TestRepetitionDetector::test_indication_level_moderate PASSED [ 48%]
tests/test_repetition_detector.py::TestRepetitionDetector::test_indication_level_strong PASSED [ 49%]
tests/test_repetition_detector.py::TestRepetitionDetector::test_indication_level_critical PASSED [ 50%]
tests/test_report_service.py::TestLocalReportGenerator::test_generate_summary PASSED [ 51%]
tests/test_report_service.py::TestLocalReportGenerator::test_critical_severity PASSED [ 52%]
tests/test_report_service.py::TestLocalReportGenerator::test_no_harmful PASSED [ 53%]
tests/test_report_service.py::TestLocalReportGenerator::test_no_judgmental_language PASSED [ 54%]
tests/test_report_service.py::TestReportService::test_generate_csv_all PASSED [ 55%]
tests/test_report_service.py::TestReportService::test_generate_csv_priority PASSED [ 56%]
tests/test_report_service.py::TestReportService::test_generate_json PASSED [ 57%]
tests/test_report_service.py::TestReportService::test_generate_html PASSED [ 58%]
tests/test_report_service.py::TestReportService::test_html_escapes_user_text PASSED [ 59%]
tests/test_risk_engine.py::TestRiskEngine::test_base_score_normal PASSED [ 60%]
tests/test_risk_engine.py::TestRiskEngine::test_base_score_threat PASSED [ 61%]
tests/test_risk_engine.py::TestRiskEngine::test_base_score_hate_speech PASSED [ 62%]
tests/test_risk_engine.py::TestRiskEngine::test_additional_target_individual PASSED [ 63%]
tests/test_risk_engine.py::TestRiskEngine::test_additional_minor_indicator PASSED [ 64%]
tests/test_risk_engine.py::TestRiskEngine::test_additional_incitement PASSED [ 65%]
tests/test_risk_engine.py::TestRiskEngine::test_additional_doxxing PASSED [ 67%]
tests/test_risk_engine.py::TestRiskEngine::test_cluster_bonus PASSED     [ 68%]
tests/test_risk_engine.py::TestRiskEngine::test_risk_level_low PASSED    [ 69%]
tests/test_risk_engine.py::TestRiskEngine::test_risk_level_medium PASSED [ 70%]
tests/test_risk_engine.py::TestRiskEngine::test_risk_level_high PASSED   [ 71%]
tests/test_risk_engine.py::TestRiskEngine::test_risk_level_critical PASSED [ 72%]
tests/test_risk_engine.py::TestRiskEngine::test_total_score_calculation PASSED [ 73%]
tests/test_risk_engine.py::TestRiskEngine::test_batch_score PASSED       [ 74%]
tests/test_storage.py::TestStorageService::test_create_analysis PASSED   [ 75%]
tests/test_storage.py::TestStorageService::test_update_analysis_status PASSED [ 76%]
tests/test_storage.py::TestStorageService::test_list_analyses PASSED     [ 77%]
tests/test_storage.py::TestStorageService::test_save_comments PASSED     [ 78%]
tests/test_storage.py::TestStorageService::test_get_comment PASSED       [ 79%]
tests/test_storage.py::TestStorageService::test_save_predictions PASSED  [ 80%]
tests/test_storage.py::TestStorageService::test_save_review PASSED       [ 81%]
tests/test_storage.py::TestStorageService::test_review_overwrite PASSED  [ 82%]
tests/test_storage.py::TestStorageService::test_analysis_stats PASSED    [ 83%]
tests/test_storage.py::TestStorageService::test_save_clusters PASSED     [ 84%]
tests/test_storage.py::TestStorageService::test_nonexistent_analysis PASSED [ 85%]
tests/test_storage.py::TestStorageService::test_parameterized_queries PASSED [ 86%]
tests/test_workflow.py::TestWorkflowState::test_valid_initial_transition PASSED [ 87%]
tests/test_workflow.py::TestWorkflowState::test_valid_collection_transition PASSED [ 88%]
tests/test_workflow.py::TestWorkflowState::test_valid_failure_transition PASSED [ 89%]
tests/test_workflow.py::TestWorkflowState::test_valid_complete_transition PASSED [ 90%]
tests/test_workflow.py::TestWorkflowState::test_completed_no_data PASSED [ 91%]
tests/test_workflow.py::TestAnalysisStatusEnum::test_all_states_defined PASSED [ 92%]
tests/test_youtube_service.py::TestExtractVideoId::test_standard_url PASSED [ 93%]
tests/test_youtube_service.py::TestExtractVideoId::test_short_url PASSED [ 94%]
tests/test_youtube_service.py::TestExtractVideoId::test_shorts_url PASSED [ 95%]
tests/test_youtube_service.py::TestExtractVideoId::test_url_with_extra_params PASSED [ 96%]
tests/test_youtube_service.py::TestExtractVideoId::test_invalid_url PASSED [ 97%]
tests/test_youtube_service.py::TestExtractVideoId::test_non_youtube_url PASSED [ 98%]
tests/test_youtube_service.py::TestExtractVideoId::test_empty_url PASSED [100%]

============================= 97 passed in 7.63s ==============================
